февр. 15, 2023 7:37:43 PM Task_4 main
INFO: Новый расчет.
=====================================================================
февр. 15, 2023 7:37:44 PM Task_4 get_num
INFO: Введи первое число >:  = 1,000000
февр. 15, 2023 7:37:45 PM Task_4 get_operation
INFO: Введи операцию [+, -, *, /] >:  = +
февр. 15, 2023 7:37:46 PM Task_4 get_num
INFO: Введи второе число >:  = 4,000000
февр. 15, 2023 7:37:46 PM Task_4 main
INFO: Результат: 1 + 4 = 5
февр. 15, 2023 7:37:46 PM Task_4 main
INFO: Расчет закончен.
=====================================================================

февр. 15, 2023 7:45:52 PM Task_4 main
INFO: Новый расчет.
=====================================================================
февр. 15, 2023 7:45:53 PM Task_4 get_num
INFO: Введи первое число >:  = 22,000000
февр. 15, 2023 7:45:54 PM Task_4 get_operation
INFO: Введи операцию [+, -, *, /] >:  /
февр. 15, 2023 7:45:55 PM Task_4 get_num
INFO: Введи второе число >:  = 2,000000
февр. 15, 2023 7:45:55 PM Task_4 main
INFO: Результат: 22 / 2 = 11
февр. 15, 2023 7:45:55 PM Task_4 main
INFO: Расчет закончен.
=====================================================================

февр. 15, 2023 7:46:58 PM Task_4 main
INFO: Новый расчет.
=====================================================================
февр. 15, 2023 7:47:00 PM Task_4 get_num
INFO: Введи первое число >:  14,000000
февр. 15, 2023 7:47:01 PM Task_4 get_operation
INFO: Введи операцию [+, -, *, /] >:  /
февр. 15, 2023 7:47:02 PM Task_4 get_num
INFO: Введи второе число >:  0,000000
февр. 15, 2023 7:47:02 PM Task_4 calc
WARNING: Деление на ноль: 14,000000 / 0,000000
февр. 15, 2023 7:47:02 PM Task_4 main
INFO: Результат: 14 / 0 = ∞
февр. 15, 2023 7:47:02 PM Task_4 main
INFO: Расчет закончен.
=====================================================================

